detail/detailsprites
models/props_doors/doormain_skin02
models/props_doors/doormain_skin03
models/props_doors/doormain_skin04
models/props_equipment/oxygentank01
models/props_foliage/tree_trunk
models/props_interiors/tvebstest
models/props_junk/explosive_box001
models/props_lighting/lightfixture02aoff
models/props_lighting/lightfixture02aon
models/props_lighting/lightfixture02on
models/props_lighting/lightfixture03on
models/props_lighting/lightfixture04on
models/props_lighting/lightfixture05
models/v_models/weapons/eq_cola/v_cola_logos
models/v_models/weapons/eq_cola/v_cola_glass
models/v_models/weapons/eq_cola/v_cola_glass_normal

models/survivors/coach/coach_body_color
models/survivors/coach/coach_body_normal
models/survivors/coach/coach_head_wrp
models/survivors/gambler/gambler_body
models/survivors/gambler/gambler_body_normal
models/survivors/gambler/gambler_head_wrp
models/survivors/mechanic/mechanic_body_color
models/survivors/mechanic/mechanic_body_normal
models/survivors/producer/producer_body_color
models/survivors/producer/producer_body_normal

512 models/survivors/biker/francis_color
512 models/survivors/biker/francis_normal
512 models/survivors/biker/francis_head_normal
512 models/survivors/teenangst/zoey_color
512 models/survivors/teenangst/zoey_normal
512 models/survivors/teenangst/zoey_head_normal
512 models/survivors/manager/louis_color
512 models/survivors/manager/louis_normal
512 models/survivors/manager/louis_head_normal
512 models/survivors/namvet/bill_color
512 models/survivors/namvet/bill_normal
512 models/survivors/namvet/bill_head_normal

256 buildings/brick08
256 buildings/brick08b
256 buildings/trim13
256 buildings/trim19
256 buildings/storefront
256 concrete/concreteceiling003a
256 concrete/concretefloor038a_wet_normal
256 concrete/concretewall001
256 concrete/concretewall036a
256 concrete/floor002_normal
256 concrete/roadcrosswalk_overlay
512 concrete/urban_concretefloor_01_ssbump
512 decals/bloodstain_003
256 decals/buildingsign01
512 decals/decals_mod2x
256 decals/decalstain002a
256 decals/decalstain011a
256 decals/dirtfloor012a
256 decals/door_wood22
128 decals/metal_vent01
512 decals/pump_n_run
256 decals/window_metal04
128 de_nuke/nuke_metalvent
512 de_nuke/nukibeama
512 de_nuke/nukibeama_normal
256 de_nuke/nukmetwallab
256 de_nuke/nukmetwallab_normal
256 de_nuke/nukmetwalli
256 de_train/train_cement_floor_01
256 de_train/train_cement_stain_01
128 metal/metalceiling005a
256 metal/metalgrate008a
256 metal/metalhull003a
256 metal/metalpipe009b
256 metal/metalpipe009b_normal
256 metal/metalroof005a
256 metal/metalroof005a_normal
256 metal/metalstair002a_normal
256 metal/metalwall031a

256 models/deadbodies/corpse_01
256 models/deadbodies/corpse_06
256 models/deadbodies/corpse_06_legs
512 models/deadbodies/deadbodies_super
512 models/deadbodies/dead_military_police_super

512 models/hybridphysx/gasstationfront_post
512 models/hybridphysx/gasstationroof_post
512 models/hybridphysx/gasstationside1_post
512 models/hybridphysx/gasstationside2_post
/*
512 models/infected/boomer/boomer
512 models/infected/boomer/boomer_exploded_01
256 models/infected/boomer/boomer_normal
512 models/infected/hulk/hulk_01
512 models/infected/hulk/hulk_01_normal
512 models/infected/hunter/hunter_01
512 models/infected/smoker/smoker
512 models/infected/smoker/smoker_normal
512 models/infected/witch/witch
256 models/infected/witch/witch_hairnormal
512 models/infected/witch/witch_normal
*/
128 models/props/cs_assault/camera
512 models/props/cs_assault/forklift
256 models/props/cs_assault/forklift_ref
128 models/props/cs_assault/pylon
256 models/props/cs_assault/wirepipe
256 models/props/cs_office/file_cabinet1
128 models/props/cs_office/light_ceiling
64 models/props/cs_office/light_ceiling_ref
128 models/props/cs_office/poster_backing
128 models/props/cs_office/projector
128 models/props/cs_office/radio
512 models/props/de_nuke/truck_nuke
128 models/props/de_train/light_security2
256 models/props_buildings/destroyedbuillding01a
256 models/props_c17/computer01
256 models/props_c17/fence_alpha
256 models/props_c17/lamppost03a
256 models/props_c17/metalladder002
128 models/props_c17/potspans001a
256 models/props_canal/canal_bars004
256 models/props_debris/composite_debris
256 models/props_debris/concretedebris_chunk01
512 "models/props_doors/checkpoint door"
256 models/props_doors/door_urban_48_118
256 models/props_doors/roll-up_door
256 models/props_doors/windows_urban02
256 models/props_equipment/fountain_drinks
256 models/props_equipment/gas_pump
256 models/props_equipment/gas_pump_normal
256 models/props_equipment/light_floodlight
256 models/props_equipment/light_floodlight_on
256 models/props_equipment/phone_booth
256 models/props_equipment/snack_machine
512 models/props_industrial/warehouse_shelves
256 models/props_industrial/wire_spool_01
256 models/props_interiors/copymachine01
128 models/props_interiors/handrail02a
256 models/props_interiors/ibeam_breakable01
256 models/props_interiors/industrial_table01
128 models/props_interiors/interiors_potsnpans01a
512 models/props_interiors/kitchen_props_industrial01
128 models/props_interiors/medicinecabinet01
128 models/props_interiors/printer
256 models/props_interiors/refrigerator02_new
256 models/props_interiors/refrigerator02_new_on
256 models/props_interiors/sofa01
256 models/props_interiors/sofa_chair
64 models/props_interiors/styrofoam_cups
128 models/props_interiors/styrofoam_cups_break
256 models/props_interiors/table_cafeteria
128 models/props_interiors/toaster
128 models/props_interiors/tvanimstatic
128 models/props_interiors/tvstatic
256 models/props_interiors/woodfurniture01
256 models/props_junk/cardboard_boxes001a
256 models/props_junk/phys_objects02a
256 models/props_junk/phys_objects02a_normal
512 models/props_junk/physics_trash_hospital
128 models/props_junk/plasticcrate01a
256 models/props_junk/woodcrates01a
256 models/props_lab/monitor02
128 models/props_lighting/lampbedside01_on
256 models/props_lighting/lightfixture02off
256 models/props_lighting/lightfixture03_off
256 models/props_lighting/lightfixture03_off_ref
128 models/props_lighting/lightfixture03_on
256 models/props_lighting/lightfixture04off
256 models/props_lighting/lightfixture04off_ref
256 models/props_lighting/lightfixture04on
256 models/props_lighting/lightfixture05
256 models/props_lighting/lightfixture05_on
128 models/props_misc/pot-2
512 models/props_office/vending_machine01
256 models/props_pipes/pipeset32d
256 models/props_pipes/pipeset_metal
256 models/props_pipes/pipeset_metal02
256 models/props_rooftop/acunit01
256 models/props_rooftop/acvent01
256 models/props_rooftop/acvent02
256 models/props_rooftop/acvent04
256 models/props_rooftop/billboard03_main
256 models/props_rooftop/gutter_pipe
256 models/props_trainstation/pole_384connection001a
256 models/props_trainstation/trainstation_bench001
256 models/props_signs/eastern_waterworks_sign
256 models/props_street/bay_window01
128 models/props_street/bollards
256 models/props_street/electrical_boxes
256 models/props_street/manhole_cover_normal
512 models/props_street/phonepole1a
256 models/props_street/police_barricade
128 models/props_street/trafficlight01_lights
128 models/props_street/trafficlight01_lights_red
128 models/props_street/trafficlight01_lights_yellow
256 models/props_street/trafficlight01_main
256 models/props_street/trafficlightfallen01_main
256 models/props_street/trashbin01
256 models/props_street/trimpiece02
256 models/props_street/warehouse_vent_pipes
256 models/props_street/watertower01
256 models/props_unique/coffeemachine01
256 models/props_unique/hospital/gurney
256 models/props_unique/processor_tank
128 models/props_unique/spawn_apartment/lantern_on
256 models/props_unique/wheelchair01
256 models/props_urban/fire_escape
128 models/props_urban/gas_meter
512 models/props_vehicles/4carz1024
256 models/props_vehicles/4carz1024_glass
512 models/props_vehicles/ambulance
256 models/props_vehicles/ambulance_ref
512 models/props_vehicles/flatnose_truck
256 models/props_vehicles/flatnose_truck_glass
256 models/props_wasteland/fence_sheet01
256 models/props_wasteland/fence_sheet02
256 models/props_windows/windows_urban01
256 models/props_windows/windows_urban02
/*
512 models/v_models/weapons/autoshot/m4super
256 models/v_models/weapons/eq_molotov/v_eq_molotov_bottle
256 models/v_models/weapons/eq_molotov/v_eq_molotov_bottle_normal
256 models/v_models/weapons/eq_molotov/v_eq_molotov_rag
512 models/v_models/weapons/pistol/v_pistol_reference
512 models/v_models/weapons/rifle/m16a2
512 models/v_models/weapons/shotgun/v_pump_shotgun_reference
512 models/v_models/weapons/smg/uzi
512 models/v_models/weapons/sniper/v_sniper_reference
*/
256 overlays/urban_paintswatch_02a
128 particle/crackedpavementdecal
512 particle/fire_particle_2/fire_particle_2
512 particle/spray1/spray1
256 rubble/donner_rubble1
512 sewage/sewagescum01
256 tile/burgertank_tilefloor_01_ssbump
256 tile/burgertank_tilewall_01_ssbump
256 tile/urban_tilefloor02_ssbump
256 wood/plywood02








