detail/detailsprites
models/props_doors/doormain_skin02
models/props_doors/doormain_skin03
models/props_doors/doormain_skin04
models/props_equipment/oxygentank01
models/props_foliage/tree_trunk
models/props_junk/explosive_box001
models/v_models/weapons/eq_cola/v_cola_logos
models/v_models/weapons/eq_cola/v_cola_glass
models/v_models/weapons/eq_cola/v_cola_glass_normal

models/survivors/coach/coach_body_color
models/survivors/coach/coach_body_normal
models/survivors/coach/coach_head_wrp
models/survivors/gambler/gambler_body
models/survivors/gambler/gambler_body_normal
models/survivors/gambler/gambler_head_wrp
models/survivors/mechanic/mechanic_body_color
models/survivors/mechanic/mechanic_body_normal
models/survivors/producer/producer_body_color
models/survivors/producer/producer_body_normal

512 models/survivors/biker/francis_color
512 models/survivors/biker/francis_normal
512 models/survivors/biker/francis_head_normal
512 models/survivors/teenangst/zoey_color
512 models/survivors/teenangst/zoey_normal
512 models/survivors/teenangst/zoey_head_normal
512 models/survivors/manager/louis_color
512 models/survivors/manager/louis_normal
512 models/survivors/manager/louis_head_normal
512 models/survivors/namvet/bill_color
512 models/survivors/namvet/bill_normal
512 models/survivors/namvet/bill_head_normal

512 concrete/urban_concretefloor_01_ssbump
512 decals/helipad
512 decals/tarmac03
512 models/deadbodies/dead_military_police_super
512 "models/props_doors/checkpoint door"
512 models/infected/common/hospital_patient/common_patient_lower_01
256 models/props_vehicles/helicopter_news2
128 models/props_wasteland/light_spotlight01a
256 models/props_wasteland/light_spotlight01b
512 plaster/roofbump-ssbump

512 models/w_models/minigun/w_minigun 
256 models/w_models/minigun/w_minigun_glow 
